<?xml version="1.0" encoding="UTF-8"?>
<testsuite name="domain.ModifyUserUseCaseTest" tests="4" skipped="0" failures="0" errors="0" timestamp="2025-06-18T12:08:00" hostname="192.168.1.7" time="0.001">
  <properties/>
  <testcase name="modify another existing user password" classname="domain.ModifyUserUseCaseTest" time="0.0"/>
  <testcase name="modify existing user password" classname="domain.ModifyUserUseCaseTest" time="0.0"/>
  <testcase name="validate user exist" classname="domain.ModifyUserUseCaseTest" time="0.0"/>
  <testcase name="validate user not exist" classname="domain.ModifyUserUseCaseTest" time="0.0"/>
  <system-out><![CDATA[]]></system-out>
  <system-err><![CDATA[]]></system-err>
</testsuite>
