<?xml version="1.0" encoding="UTF-8"?>
<testsuite name="com.example.domain.useCases.users.DeleteUserUseCaseTests" tests="4" skipped="0" failures="0" errors="0" timestamp="2025-06-20T18:11:00" hostname="192.168.1.7" time="0.017">
  <properties/>
  <testcase name="[1] id" classname="com.example.domain.useCases.users.DeleteUserUseCaseTests" time="0.0"/>
  <testcase name="[2] anotherId" classname="com.example.domain.useCases.users.DeleteUserUseCaseTests" time="0.0"/>
  <testcase name="validate true - user exists" classname="com.example.domain.useCases.users.DeleteUserUseCaseTests" time="0.0"/>
  <testcase name="validate false - user not exists" classname="com.example.domain.useCases.users.DeleteUserUseCaseTests" time="0.0"/>
  <system-out><![CDATA[]]></system-out>
  <system-err><![CDATA[]]></system-err>
</testsuite>
