<?xml version="1.0" encoding="UTF-8"?>
<testsuite name="com.example.domain.useCases.users.GetUserUseCaseTest" tests="3" skipped="0" failures="0" errors="0" timestamp="2025-06-20T15:09:16" hostname="192.168.1.7" time="0.004">
  <properties/>
  <testcase name="not get user if mail not exist" classname="com.example.domain.useCases.users.GetUserUseCaseTest" time="0.003"/>
  <testcase name="get user by another mail" classname="com.example.domain.useCases.users.GetUserUseCaseTest" time="0.0"/>
  <testcase name="get user by mail" classname="com.example.domain.useCases.users.GetUserUseCaseTest" time="0.0"/>
  <system-out><![CDATA[]]></system-out>
  <system-err><![CDATA[]]></system-err>
</testsuite>
