<?xml version="1.0" encoding="UTF-8"?>
<testsuite name="com.example.domain.useCases.houses.CreatePropertyUseCaseTest" tests="3" skipped="0" failures="0" errors="0" timestamp="2025-06-21T13:38:05" hostname="192.168.1.7" time="0.007">
  <properties/>
  <testcase name="create a new property" classname="com.example.domain.useCases.houses.CreatePropertyUseCaseTest" time="0.006"/>
  <testcase name="create another new property" classname="com.example.domain.useCases.houses.CreatePropertyUseCaseTest" time="0.001"/>
  <testcase name="add new properties to property house" classname="com.example.domain.useCases.houses.CreatePropertyUseCaseTest" time="0.0"/>
  <system-out><![CDATA[]]></system-out>
  <system-err><![CDATA[]]></system-err>
</testsuite>
