<?xml version="1.0" encoding="UTF-8"?>
<testsuite name="com.example.domain.useCases.houses.GetPropertiesInRadioUseCaseTest" tests="3" skipped="0" failures="0" errors="0" timestamp="2025-06-21T13:38:05" hostname="192.168.1.7" time="0.001">
  <properties/>
  <testcase name="Get Properties In Radio Use Case Test" classname="com.example.domain.useCases.houses.GetPropertiesInRadioUseCaseTest" time="0.001"/>
  <testcase name="Get Another Properties In Radio Use Case Test" classname="com.example.domain.useCases.houses.GetPropertiesInRadioUseCaseTest" time="0.0"/>
  <testcase name="Get Another Properties In Radio Use Case Test XXXX" classname="com.example.domain.useCases.houses.GetPropertiesInRadioUseCaseTest" time="0.0"/>
  <system-out><![CDATA[]]></system-out>
  <system-err><![CDATA[]]></system-err>
</testsuite>
