<?xml version="1.0" encoding="UTF-8"?>
<testsuite name="domain.DeleteUserUseCaseTests" tests="2" skipped="0" failures="0" errors="0" timestamp="2025-06-17T16:51:12" hostname="192.168.1.7" time="0.001">
  <properties/>
  <testcase name="validate true - user exists" classname="domain.DeleteUserUseCaseTests" time="0.001"/>
  <testcase name="validate false - user not exists" classname="domain.DeleteUserUseCaseTests" time="0.0"/>
  <system-out><![CDATA[]]></system-out>
  <system-err><![CDATA[]]></system-err>
</testsuite>
