<?xml version="1.0" encoding="UTF-8"?>
<testsuite name="domain.favourites.AddFavouritesUseCaseTest" tests="3" skipped="0" failures="0" errors="0" timestamp="2025-06-18T12:08:00" hostname="192.168.1.7" time="0.002">
  <properties/>
  <testcase name="add more than one property to favourites" classname="domain.favourites.AddFavouritesUseCaseTest" time="0.002"/>
  <testcase name="add another property to favourites" classname="domain.favourites.AddFavouritesUseCaseTest" time="0.0"/>
  <testcase name="add property to favourites" classname="domain.favourites.AddFavouritesUseCaseTest" time="0.0"/>
  <system-out><![CDATA[]]></system-out>
  <system-err><![CDATA[]]></system-err>
</testsuite>
