<?xml version="1.0" encoding="UTF-8"?>
<testsuite name="com.example.domain.useCases.favourites.GetListFavouriteUseCaseTest" tests="3" skipped="0" failures="0" errors="0" timestamp="2025-06-21T14:27:42" hostname="192.168.1.7" time="0.001">
  <properties/>
  <testcase name="return empty list when user dont have a favourite" classname="com.example.domain.useCases.favourites.GetListFavouriteUseCaseTest" time="0.001"/>
  <testcase name="return another favourites form another user" classname="com.example.domain.useCases.favourites.GetListFavouriteUseCaseTest" time="0.0"/>
  <testcase name="return favourites form user" classname="com.example.domain.useCases.favourites.GetListFavouriteUseCaseTest" time="0.0"/>
  <system-out><![CDATA[]]></system-out>
  <system-err><![CDATA[]]></system-err>
</testsuite>
