<?xml version="1.0" encoding="UTF-8"?>
<testsuite name="domain.favourites.GetListFavouriteUseCaseTest" tests="3" skipped="0" failures="0" errors="0" timestamp="2025-06-17T16:51:12" hostname="192.168.1.7" time="0.003">
  <properties/>
  <testcase name="return empty list when user dont have a favourite" classname="domain.favourites.GetListFavouriteUseCaseTest" time="0.002"/>
  <testcase name="return another favourites form another user" classname="domain.favourites.GetListFavouriteUseCaseTest" time="0.0"/>
  <testcase name="return favourites form user" classname="domain.favourites.GetListFavouriteUseCaseTest" time="0.0"/>
  <system-out><![CDATA[]]></system-out>
  <system-err><![CDATA[]]></system-err>
</testsuite>
