<?xml version="1.0" encoding="UTF-8"?>
<testsuite name="com.example.domain.useCases.houses.GetHousesUseCaseTest" tests="2" skipped="0" failures="0" errors="0" timestamp="2025-06-21T13:38:05" hostname="192.168.1.7" time="0.001">
  <properties/>
  <testcase name="get empty houses list" classname="com.example.domain.useCases.houses.GetHousesUseCaseTest" time="0.001"/>
  <testcase name="get all houses" classname="com.example.domain.useCases.houses.GetHousesUseCaseTest" time="0.0"/>
  <system-out><![CDATA[]]></system-out>
  <system-err><![CDATA[]]></system-err>
</testsuite>
