<?xml version="1.0" encoding="UTF-8"?>
<testsuite name="com.example.domain.useCases.houses.GetHouseByIdUseCaseTest" tests="3" skipped="0" failures="0" errors="0" timestamp="2025-06-21T14:27:42" hostname="192.168.1.7" time="0.001">
  <properties/>
  <testcase name="NOT valid house" classname="com.example.domain.useCases.houses.GetHouseByIdUseCaseTest" time="0.0"/>
  <testcase name="validate house exist" classname="com.example.domain.useCases.houses.GetHouseByIdUseCaseTest" time="0.0"/>
  <testcase name="get house by id" classname="com.example.domain.useCases.houses.GetHouseByIdUseCaseTest" time="0.001"/>
  <system-out><![CDATA[]]></system-out>
  <system-err><![CDATA[]]></system-err>
</testsuite>
