<?xml version="1.0" encoding="UTF-8"?>
<testsuite name="domain.useCases.CalculateDistanceUseCaseTest" tests="2" skipped="0" failures="0" errors="0" timestamp="2025-06-17T16:51:12" hostname="192.168.1.7" time="0.001">
  <properties/>
  <testcase name="calculate Distance Between Two Points" classname="domain.useCases.CalculateDistanceUseCaseTest" time="0.001"/>
  <testcase name="calculate Another Distance Between Two Points" classname="domain.useCases.CalculateDistanceUseCaseTest" time="0.0"/>
  <system-out><![CDATA[]]></system-out>
  <system-err><![CDATA[]]></system-err>
</testsuite>
