<?xml version="1.0" encoding="UTF-8"?>
<testsuite name="domain.useCases.GetPropertiesInRadioUseCaseTest" tests="3" skipped="0" failures="0" errors="0" timestamp="2025-06-20T18:11:00" hostname="192.168.1.7" time="0.001">
  <properties/>
  <testcase name="Get Properties In Radio Use Case Test" classname="domain.useCases.GetPropertiesInRadioUseCaseTest" time="0.0"/>
  <testcase name="Get Another Properties In Radio Use Case Test" classname="domain.useCases.GetPropertiesInRadioUseCaseTest" time="0.0"/>
  <testcase name="Get Another Properties In Radio Use Case Test XXXX" classname="domain.useCases.GetPropertiesInRadioUseCaseTest" time="0.001"/>
  <system-out><![CDATA[]]></system-out>
  <system-err><![CDATA[]]></system-err>
</testsuite>
