<?xml version="1.0" encoding="UTF-8"?>
<testsuite name="GetHousesUseCaseTest" tests="2" skipped="0" failures="0" errors="0" timestamp="2025-06-20T11:39:22" hostname="192.168.1.7" time="0.011">
  <properties/>
  <testcase name="get empty houses list" classname="GetHousesUseCaseTest" time="0.003"/>
  <testcase name="get all houses" classname="GetHousesUseCaseTest" time="0.008"/>
  <system-out><![CDATA[]]></system-out>
  <system-err><![CDATA[]]></system-err>
</testsuite>
